  Solve.cpp
c:\users\miaoayao\desktop\vrptw\vrptw\solve.cpp(104): warning C4018: “<”: 有符号/无符号不匹配
c:\users\miaoayao\desktop\vrptw\vrptw\solve.cpp(106): warning C4018: “<”: 有符号/无符号不匹配
c:\users\miaoayao\desktop\vrptw\vrptw\solve.cpp(170): warning C4018: “<”: 有符号/无符号不匹配
c:\users\miaoayao\desktop\vrptw\vrptw\solve.cpp(191): warning C4244: “初始化”: 从“_Ty”转换到“int”，可能丢失数据
          with
          [
              _Ty=double
          ]
c:\users\miaoayao\desktop\vrptw\vrptw\solve.cpp(192): warning C4244: “初始化”: 从“_Ty”转换到“int”，可能丢失数据
          with
          [
              _Ty=double
          ]
c:\users\miaoayao\desktop\vrptw\vrptw\solve.cpp(493): warning C4018: “<”: 有符号/无符号不匹配
c:\users\miaoayao\desktop\vrptw\vrptw\solve.cpp(505): warning C4018: “<”: 有符号/无符号不匹配
c:\users\miaoayao\desktop\vrptw\vrptw\solve.cpp(519): warning C4018: “<”: 有符号/无符号不匹配
c:\users\miaoayao\desktop\vrptw\vrptw\solve.cpp(536): warning C4244: “参数”: 从“double”转换到“const unsigned int”，可能丢失数据
c:\users\miaoayao\desktop\vrptw\vrptw\solve.cpp(561): warning C4244: “参数”: 从“double”转换到“const unsigned int”，可能丢失数据
c:\users\miaoayao\desktop\vrptw\vrptw\solve.cpp(571): warning C4244: “参数”: 从“double”转换到“const unsigned int”，可能丢失数据
c:\users\miaoayao\desktop\vrptw\vrptw\solve.cpp(572): warning C4244: “参数”: 从“double”转换到“const unsigned int”，可能丢失数据
c:\users\miaoayao\desktop\vrptw\vrptw\solve.cpp(574): warning C4244: “参数”: 从“double”转换到“const unsigned int”，可能丢失数据
c:\users\miaoayao\desktop\vrptw\vrptw\solve.cpp(619): warning C4018: “<”: 有符号/无符号不匹配
c:\users\miaoayao\desktop\vrptw\vrptw\solve.cpp(632): warning C4244: “参数”: 从“double”转换到“const unsigned int”，可能丢失数据
c:\users\miaoayao\desktop\vrptw\vrptw\solve.cpp(636): warning C4018: “<”: 有符号/无符号不匹配
c:\users\miaoayao\desktop\vrptw\vrptw\solve.cpp(638): warning C4244: “参数”: 从“double”转换到“const unsigned int”，可能丢失数据
c:\users\miaoayao\desktop\vrptw\vrptw\solve.cpp(641): warning C4244: “参数”: 从“double”转换到“const unsigned int”，可能丢失数据
c:\users\miaoayao\desktop\vrptw\vrptw\solve.cpp(692): warning C4018: “<”: 有符号/无符号不匹配
c:\users\miaoayao\desktop\vrptw\vrptw\solve.cpp(701): warning C4018: “<”: 有符号/无符号不匹配
c:\users\miaoayao\desktop\vrptw\vrptw\solve.cpp(725): warning C4244: “参数”: 从“double”转换到“const unsigned int”，可能丢失数据
c:\users\miaoayao\desktop\vrptw\vrptw\solve.cpp(726): warning C4244: “参数”: 从“double”转换到“const unsigned int”，可能丢失数据
c:\users\miaoayao\desktop\vrptw\vrptw\solve.cpp(727): warning C4244: “参数”: 从“double”转换到“const unsigned int”，可能丢失数据
c:\users\miaoayao\desktop\vrptw\vrptw\solve.cpp(732): warning C4244: “参数”: 从“double”转换到“const int”，可能丢失数据
c:\users\miaoayao\desktop\vrptw\vrptw\solve.cpp(747): warning C4244: “参数”: 从“double”转换到“const unsigned int”，可能丢失数据
c:\users\miaoayao\desktop\vrptw\vrptw\solve.cpp(925): warning C4018: “<”: 有符号/无符号不匹配
c:\users\miaoayao\desktop\vrptw\vrptw\solve.cpp(929): warning C4244: “参数”: 从“double”转换到“const unsigned int”，可能丢失数据
c:\users\miaoayao\desktop\vrptw\vrptw\solve.cpp(1021): warning C4018: “<”: 有符号/无符号不匹配
c:\users\miaoayao\desktop\vrptw\vrptw\solve.cpp(1103): warning C4018: “<”: 有符号/无符号不匹配
c:\users\miaoayao\desktop\vrptw\vrptw\solve.cpp(1105): warning C4018: “<”: 有符号/无符号不匹配
c:\users\miaoayao\desktop\vrptw\vrptw\solve.cpp(1131): warning C4018: “<”: 有符号/无符号不匹配
c:\users\miaoayao\desktop\vrptw\vrptw\solve.cpp(1166): warning C4018: “<”: 有符号/无符号不匹配
c:\users\miaoayao\desktop\vrptw\vrptw\solve.cpp(1194): warning C4244: “参数”: 从“double”转换到“const unsigned int”，可能丢失数据
c:\users\miaoayao\desktop\vrptw\vrptw\solve.cpp(1195): warning C4244: “参数”: 从“double”转换到“const unsigned int”，可能丢失数据
c:\users\miaoayao\desktop\vrptw\vrptw\solve.cpp(1196): warning C4244: “参数”: 从“double”转换到“const unsigned int”，可能丢失数据
c:\users\miaoayao\desktop\vrptw\vrptw\solve.cpp(1197): warning C4244: “参数”: 从“double”转换到“const unsigned int”，可能丢失数据
c:\users\miaoayao\desktop\vrptw\vrptw\solve.cpp(1239): warning C4244: “参数”: 从“double”转换到“const unsigned int”，可能丢失数据
c:\users\miaoayao\desktop\vrptw\vrptw\solve.cpp(1241): warning C4244: “参数”: 从“double”转换到“const unsigned int”，可能丢失数据
c:\users\miaoayao\desktop\vrptw\vrptw\solve.cpp(1246): warning C4018: “<”: 有符号/无符号不匹配
c:\users\miaoayao\desktop\vrptw\vrptw\solve.cpp(1463): warning C4244: “参数”: 从“double”转换到“const unsigned int”，可能丢失数据
c:\users\miaoayao\desktop\vrptw\vrptw\solve.cpp(1464): warning C4244: “参数”: 从“double”转换到“const unsigned int”，可能丢失数据
c:\users\miaoayao\desktop\vrptw\vrptw\solve.cpp(1524): warning C4244: “参数”: 从“double”转换到“const unsigned int”，可能丢失数据
c:\users\miaoayao\desktop\vrptw\vrptw\solve.cpp(1532): warning C4244: “参数”: 从“double”转换到“const unsigned int”，可能丢失数据
c:\users\miaoayao\desktop\vrptw\vrptw\solve.cpp(1533): warning C4244: “参数”: 从“double”转换到“const unsigned int”，可能丢失数据
c:\users\miaoayao\desktop\vrptw\vrptw\solve.cpp(1589): warning C4018: “<”: 有符号/无符号不匹配
c:\users\miaoayao\desktop\vrptw\vrptw\solve.cpp(1593): warning C4244: “参数”: 从“double”转换到“const unsigned int”，可能丢失数据
c:\users\miaoayao\desktop\vrptw\vrptw\solve.cpp(1620): warning C4244: “参数”: 从“double”转换到“const unsigned int”，可能丢失数据
c:\users\miaoayao\desktop\vrptw\vrptw\solve.cpp(1628): warning C4244: “参数”: 从“double”转换到“const unsigned int”，可能丢失数据
c:\users\miaoayao\desktop\vrptw\vrptw\solve.cpp(1629): warning C4244: “参数”: 从“double”转换到“const unsigned int”，可能丢失数据
c:\users\miaoayao\desktop\vrptw\vrptw\solve.cpp(1689): warning C4018: “<”: 有符号/无符号不匹配
c:\users\miaoayao\desktop\vrptw\vrptw\solve.cpp(1702): warning C4244: “参数”: 从“double”转换到“const unsigned int”，可能丢失数据
c:\users\miaoayao\desktop\vrptw\vrptw\solve.cpp(1703): warning C4244: “参数”: 从“double”转换到“const unsigned int”，可能丢失数据
c:\users\miaoayao\desktop\vrptw\vrptw\solve.cpp(1726): warning C4244: “参数”: 从“double”转换到“const unsigned int”，可能丢失数据
c:\users\miaoayao\desktop\vrptw\vrptw\solve.cpp(1736): warning C4244: “参数”: 从“double”转换到“const unsigned int”，可能丢失数据
c:\users\miaoayao\desktop\vrptw\vrptw\solve.cpp(1746): warning C4244: “参数”: 从“double”转换到“const unsigned int”，可能丢失数据
c:\users\miaoayao\desktop\vrptw\vrptw\solve.cpp(1747): warning C4244: “参数”: 从“double”转换到“const unsigned int”，可能丢失数据
c:\users\miaoayao\desktop\vrptw\vrptw\solve.cpp(1749): warning C4244: “参数”: 从“double”转换到“const unsigned int”，可能丢失数据
c:\users\miaoayao\desktop\vrptw\vrptw\solve.cpp(1750): warning C4244: “参数”: 从“double”转换到“const unsigned int”，可能丢失数据
c:\users\miaoayao\desktop\vrptw\vrptw\solve.cpp(1805): warning C4244: “参数”: 从“double”转换到“const unsigned int”，可能丢失数据
c:\users\miaoayao\desktop\vrptw\vrptw\solve.cpp(1816): warning C4018: “<”: 有符号/无符号不匹配
c:\users\miaoayao\desktop\vrptw\vrptw\solve.cpp(1835): warning C4244: “参数”: 从“double”转换到“const unsigned int”，可能丢失数据
c:\users\miaoayao\desktop\vrptw\vrptw\solve.cpp(1920): warning C4244: “参数”: 从“double”转换到“const unsigned int”，可能丢失数据
c:\users\miaoayao\desktop\vrptw\vrptw\solve.cpp(1929): warning C4244: “参数”: 从“double”转换到“const unsigned int”，可能丢失数据
c:\users\miaoayao\desktop\vrptw\vrptw\solve.cpp(1930): warning C4244: “参数”: 从“double”转换到“const unsigned int”，可能丢失数据
c:\users\miaoayao\desktop\vrptw\vrptw\solve.cpp(1931): warning C4244: “参数”: 从“double”转换到“const unsigned int”，可能丢失数据
c:\users\miaoayao\desktop\vrptw\vrptw\solve.cpp(1945): warning C4018: “<”: 有符号/无符号不匹配
c:\users\miaoayao\desktop\vrptw\vrptw\solve.cpp(1955): warning C4018: “<”: 有符号/无符号不匹配
c:\users\miaoayao\desktop\vrptw\vrptw\solve.cpp(1976): warning C4244: “参数”: 从“double”转换到“const unsigned int”，可能丢失数据
c:\users\miaoayao\desktop\vrptw\vrptw\solve.cpp(1979): warning C4244: “参数”: 从“double”转换到“const unsigned int”，可能丢失数据
c:\users\miaoayao\desktop\vrptw\vrptw\solve.cpp(1981): warning C4244: “参数”: 从“double”转换到“const unsigned int”，可能丢失数据
c:\users\miaoayao\desktop\vrptw\vrptw\solve.cpp(1983): warning C4244: “参数”: 从“double”转换到“const unsigned int”，可能丢失数据
c:\users\miaoayao\desktop\vrptw\vrptw\solve.cpp(1987): warning C4244: “参数”: 从“double”转换到“const unsigned int”，可能丢失数据
c:\users\miaoayao\desktop\vrptw\vrptw\solve.cpp(1989): warning C4244: “参数”: 从“double”转换到“const unsigned int”，可能丢失数据
c:\users\miaoayao\desktop\vrptw\vrptw\solve.cpp(1993): warning C4244: “参数”: 从“double”转换到“const unsigned int”，可能丢失数据
c:\users\miaoayao\desktop\vrptw\vrptw\solve.cpp(1995): warning C4018: “<”: 有符号/无符号不匹配
c:\users\miaoayao\desktop\vrptw\vrptw\solve.cpp(2015): warning C4018: “<”: 有符号/无符号不匹配
c:\users\miaoayao\desktop\vrptw\vrptw\solve.cpp(2033): warning C4018: “<”: 有符号/无符号不匹配
c:\users\miaoayao\desktop\vrptw\vrptw\solve.cpp(2040): warning C4244: “参数”: 从“double”转换到“const unsigned int”，可能丢失数据
c:\users\miaoayao\desktop\vrptw\vrptw\solve.cpp(2066): warning C4244: “参数”: 从“double”转换到“const unsigned int”，可能丢失数据
c:\users\miaoayao\desktop\vrptw\vrptw\solve.cpp(2142): warning C4244: “参数”: 从“double”转换到“const unsigned int”，可能丢失数据
c:\users\miaoayao\desktop\vrptw\vrptw\solve.cpp(2144): warning C4244: “参数”: 从“double”转换到“const unsigned int”，可能丢失数据
c:\users\miaoayao\desktop\vrptw\vrptw\solve.cpp(2147): warning C4244: “参数”: 从“double”转换到“const unsigned int”，可能丢失数据
c:\users\miaoayao\desktop\vrptw\vrptw\solve.cpp(2150): warning C4244: “参数”: 从“double”转换到“const unsigned int”，可能丢失数据
c:\users\miaoayao\desktop\vrptw\vrptw\solve.cpp(2152): warning C4244: “参数”: 从“double”转换到“const unsigned int”，可能丢失数据
c:\users\miaoayao\desktop\vrptw\vrptw\solve.cpp(2158): warning C4244: “参数”: 从“double”转换到“const unsigned int”，可能丢失数据
c:\users\miaoayao\desktop\vrptw\vrptw\solve.cpp(2162): warning C4244: “参数”: 从“double”转换到“const unsigned int”，可能丢失数据
c:\users\miaoayao\desktop\vrptw\vrptw\solve.cpp(2164): warning C4244: “参数”: 从“double”转换到“const unsigned int”，可能丢失数据
c:\users\miaoayao\desktop\vrptw\vrptw\solve.cpp(2172): warning C4244: “参数”: 从“double”转换到“const unsigned int”，可能丢失数据
c:\users\miaoayao\desktop\vrptw\vrptw\solve.cpp(2174): warning C4244: “参数”: 从“double”转换到“const unsigned int”，可能丢失数据
c:\users\miaoayao\desktop\vrptw\vrptw\solve.cpp(2190): warning C4244: “参数”: 从“double”转换到“const unsigned int”，可能丢失数据
c:\users\miaoayao\desktop\vrptw\vrptw\solve.cpp(2195): warning C4244: “参数”: 从“double”转换到“const unsigned int”，可能丢失数据
c:\users\miaoayao\desktop\vrptw\vrptw\solve.cpp(2197): warning C4244: “参数”: 从“double”转换到“const unsigned int”，可能丢失数据
c:\users\miaoayao\desktop\vrptw\vrptw\solve.cpp(2204): warning C4244: “参数”: 从“double”转换到“const unsigned int”，可能丢失数据
c:\users\miaoayao\desktop\vrptw\vrptw\solve.cpp(2205): warning C4244: “参数”: 从“double”转换到“const unsigned int”，可能丢失数据
c:\users\miaoayao\desktop\vrptw\vrptw\solve.cpp(2207): warning C4244: “参数”: 从“double”转换到“const unsigned int”，可能丢失数据
c:\users\miaoayao\desktop\vrptw\vrptw\solve.cpp(2208): warning C4244: “参数”: 从“double”转换到“const unsigned int”，可能丢失数据
c:\users\miaoayao\desktop\vrptw\vrptw\solve.cpp(2210): warning C4244: “参数”: 从“double”转换到“const unsigned int”，可能丢失数据
c:\users\miaoayao\desktop\vrptw\vrptw\solve.cpp(2212): warning C4244: “参数”: 从“double”转换到“const unsigned int”，可能丢失数据
c:\users\miaoayao\desktop\vrptw\vrptw\solve.cpp(2214): warning C4244: “参数”: 从“double”转换到“const int”，可能丢失数据
c:\users\miaoayao\desktop\vrptw\vrptw\solve.cpp(2217): warning C4244: “参数”: 从“double”转换到“const unsigned int”，可能丢失数据
c:\users\miaoayao\desktop\vrptw\vrptw\solve.cpp(2223): warning C4244: “参数”: 从“double”转换到“const unsigned int”，可能丢失数据
c:\users\miaoayao\desktop\vrptw\vrptw\solve.cpp(2226): warning C4244: “参数”: 从“double”转换到“const unsigned int”，可能丢失数据
c:\users\miaoayao\desktop\vrptw\vrptw\solve.cpp(2234): warning C4244: “参数”: 从“double”转换到“const unsigned int”，可能丢失数据
c:\users\miaoayao\desktop\vrptw\vrptw\solve.cpp(2235): warning C4244: “参数”: 从“double”转换到“const unsigned int”，可能丢失数据
c:\users\miaoayao\desktop\vrptw\vrptw\solve.cpp(2237): warning C4244: “参数”: 从“double”转换到“const unsigned int”，可能丢失数据
c:\users\miaoayao\desktop\vrptw\vrptw\solve.cpp(2238): warning C4244: “参数”: 从“double”转换到“const unsigned int”，可能丢失数据
c:\users\miaoayao\desktop\vrptw\vrptw\solve.cpp(2245): warning C4244: “参数”: 从“double”转换到“const unsigned int”，可能丢失数据
c:\users\miaoayao\desktop\vrptw\vrptw\solve.cpp(2249): warning C4244: “参数”: 从“double”转换到“const unsigned int”，可能丢失数据
c:\users\miaoayao\desktop\vrptw\vrptw\solve.cpp(2251): warning C4244: “参数”: 从“double”转换到“const unsigned int”，可能丢失数据
c:\users\miaoayao\desktop\vrptw\vrptw\solve.cpp(2256): warning C4244: “参数”: 从“double”转换到“const unsigned int”，可能丢失数据
c:\users\miaoayao\desktop\vrptw\vrptw\solve.cpp(2259): warning C4244: “参数”: 从“double”转换到“const unsigned int”，可能丢失数据
c:\users\miaoayao\desktop\vrptw\vrptw\solve.cpp(2261): warning C4244: “参数”: 从“double”转换到“const unsigned int”，可能丢失数据
c:\users\miaoayao\desktop\vrptw\vrptw\solve.cpp(2262): warning C4244: “参数”: 从“double”转换到“const unsigned int”，可能丢失数据
c:\users\miaoayao\desktop\vrptw\vrptw\solve.cpp(2267): warning C4244: “参数”: 从“double”转换到“const unsigned int”，可能丢失数据
c:\users\miaoayao\desktop\vrptw\vrptw\solve.cpp(2270): warning C4244: “参数”: 从“double”转换到“const unsigned int”，可能丢失数据
c:\users\miaoayao\desktop\vrptw\vrptw\solve.cpp(2272): warning C4244: “参数”: 从“double”转换到“const unsigned int”，可能丢失数据
c:\users\miaoayao\desktop\vrptw\vrptw\solve.cpp(2273): warning C4244: “参数”: 从“double”转换到“const unsigned int”，可能丢失数据
c:\users\miaoayao\desktop\vrptw\vrptw\solve.cpp(2276): warning C4244: “参数”: 从“double”转换到“const unsigned int”，可能丢失数据
c:\users\miaoayao\desktop\vrptw\vrptw\solve.cpp(2277): warning C4244: “参数”: 从“double”转换到“const unsigned int”，可能丢失数据
c:\users\miaoayao\desktop\vrptw\vrptw\solve.cpp(2278): warning C4244: “参数”: 从“double”转换到“const unsigned int”，可能丢失数据
c:\users\miaoayao\desktop\vrptw\vrptw\solve.cpp(2281): warning C4244: “参数”: 从“double”转换到“const unsigned int”，可能丢失数据
c:\users\miaoayao\desktop\vrptw\vrptw\solve.cpp(2282): warning C4244: “参数”: 从“double”转换到“const unsigned int”，可能丢失数据
c:\users\miaoayao\desktop\vrptw\vrptw\solve.cpp(2284): warning C4244: “参数”: 从“double”转换到“const unsigned int”，可能丢失数据
c:\users\miaoayao\desktop\vrptw\vrptw\solve.cpp(2284): warning C4244: “=”: 从“double”转换到“int”，可能丢失数据
c:\users\miaoayao\desktop\vrptw\vrptw\solve.cpp(2285): warning C4244: “参数”: 从“double”转换到“const unsigned int”，可能丢失数据
c:\users\miaoayao\desktop\vrptw\vrptw\solve.cpp(2285): warning C4244: “=”: 从“double”转换到“int”，可能丢失数据
c:\users\miaoayao\desktop\vrptw\vrptw\solve.cpp(2288): warning C4244: “参数”: 从“double”转换到“const unsigned int”，可能丢失数据
c:\users\miaoayao\desktop\vrptw\vrptw\solve.cpp(2289): warning C4244: “参数”: 从“double”转换到“const unsigned int”，可能丢失数据
c:\users\miaoayao\desktop\vrptw\vrptw\solve.cpp(2290): warning C4244: “参数”: 从“double”转换到“const unsigned int”，可能丢失数据
c:\users\miaoayao\desktop\vrptw\vrptw\solve.cpp(2294): warning C4244: “参数”: 从“double”转换到“const unsigned int”，可能丢失数据
c:\users\miaoayao\desktop\vrptw\vrptw\solve.cpp(2295): warning C4244: “参数”: 从“double”转换到“const int”，可能丢失数据
c:\users\miaoayao\desktop\vrptw\vrptw\solve.cpp(2130): warning C4101: “x”: 未引用的局部变量
c:\users\miaoayao\desktop\vrptw\vrptw\solve.cpp(2382): warning C4244: “初始化”: 从“double”转换到“int”，可能丢失数据
c:\users\miaoayao\desktop\vrptw\vrptw\solve.cpp(2652): warning C4018: “<”: 有符号/无符号不匹配
c:\users\miaoayao\desktop\vrptw\vrptw\solve.cpp(2655): warning C4018: “<”: 有符号/无符号不匹配
c:\users\miaoayao\desktop\vrptw\vrptw\solve.cpp(2669): warning C4018: “<”: 有符号/无符号不匹配
c:\users\miaoayao\desktop\vrptw\vrptw\solve.cpp(2682): warning C4018: “<”: 有符号/无符号不匹配
c:\users\miaoayao\desktop\vrptw\vrptw\solve.cpp(2701): warning C4244: “参数”: 从“double”转换到“const unsigned int”，可能丢失数据
c:\users\miaoayao\desktop\vrptw\vrptw\solve.cpp(2703): warning C4244: “参数”: 从“double”转换到“const unsigned int”，可能丢失数据
c:\users\miaoayao\desktop\vrptw\vrptw\solve.cpp(2712): warning C4244: “参数”: 从“double”转换到“const unsigned int”，可能丢失数据
c:\users\miaoayao\desktop\vrptw\vrptw\solve.cpp(2723): warning C4244: “参数”: 从“double”转换到“const unsigned int”，可能丢失数据
c:\users\miaoayao\desktop\vrptw\vrptw\solve.cpp(2734): warning C4101: “node_i”: 未引用的局部变量
c:\users\miaoayao\desktop\vrptw\vrptw\solve.cpp(2745): warning C4101: “node_i”: 未引用的局部变量
c:\users\miaoayao\desktop\vrptw\vrptw\solve.cpp(2812): warning C4018: “<”: 有符号/无符号不匹配
c:\users\miaoayao\desktop\vrptw\vrptw\solve.cpp(2771): warning C4101: “tabu_entry”: 未引用的局部变量
c:\users\miaoayao\desktop\vrptw\vrptw\solve.cpp(2765): warning C4101: “t”: 未引用的局部变量
  VRPTW.vcxproj -> C:\Users\MiaoAYao\Desktop\VRPTW\Debug\VRPTW.exe
